0 info it worked if it ends with ok
1 verbose cli [ '/usr/local/bin/node', '/usr/local/bin/npm', 'publish' ]
2 info using npm@1.1.59
3 info using node@v0.8.8
4 verbose publish [ '.' ]
5 verbose read json /home/lwj/workspace/doxmake/package.json
6 verbose cache add [ '.', null ]
7 silly cache add name=undefined spec="." args=[".",null]
8 verbose parsed url { pathname: '.', path: '.', href: '.' }
9 silly lockFile 3a52ce78- .
10 verbose lock . /home/lwj/.npm/3a52ce78-.lock
11 verbose read json package.json
12 verbose tar pack [ '/home/lwj/tmp/npm-5800/1350386873180-0.5619391852524132/tmp.tgz',
12 verbose tar pack   '.' ]
13 verbose tarball /home/lwj/tmp/npm-5800/1350386873180-0.5619391852524132/tmp.tgz
14 verbose folder .
15 info prepublish doxmake@0.1.5
16 silly lockFile c0aaabcd-73180-0-5619391852524132-tmp-tgz /home/lwj/tmp/npm-5800/1350386873180-0.5619391852524132/tmp.tgz
17 verbose lock /home/lwj/tmp/npm-5800/1350386873180-0.5619391852524132/tmp.tgz /home/lwj/.npm/c0aaabcd-73180-0-5619391852524132-tmp-tgz.lock
18 silly lockFile c0aaabcd-73180-0-5619391852524132-tmp-tgz /home/lwj/tmp/npm-5800/1350386873180-0.5619391852524132/tmp.tgz
19 verbose tar unpack /home/lwj/tmp/npm-5800/1350386873180-0.5619391852524132/tmp.tgz
20 silly lockFile 66b23a56-73180-0-5619391852524132-package /home/lwj/tmp/npm-5800/1350386873180-0.5619391852524132/package
21 verbose lock /home/lwj/tmp/npm-5800/1350386873180-0.5619391852524132/package /home/lwj/.npm/66b23a56-73180-0-5619391852524132-package.lock
22 silly gunzTarPerm modes [ '777', '666' ]
23 silly gunzTarPerm extractEntry package.json
24 silly gunzTarPerm modified mode [ 'package.json', 436, 438 ]
25 silly gunzTarPerm extractEntry README.md
26 silly gunzTarPerm modified mode [ 'README.md', 436, 438 ]
27 silly gunzTarPerm extractEntry index.js
28 silly gunzTarPerm modified mode [ 'index.js', 436, 438 ]
29 silly gunzTarPerm extractEntry test/apiTest.js
30 silly gunzTarPerm modified mode [ 'test/apiTest.js', 436, 438 ]
31 silly gunzTarPerm extractEntry README.md~
32 silly gunzTarPerm modified mode [ 'README.md~', 436, 438 ]
33 silly gunzTarPerm extractEntry resource/css/base.css
34 silly gunzTarPerm modified mode [ 'resource/css/base.css', 493, 511 ]
35 silly gunzTarPerm extractEntry resource/css/index.css
36 silly gunzTarPerm modified mode [ 'resource/css/index.css', 493, 511 ]
37 silly gunzTarPerm extractEntry resource/css/page.css
38 silly gunzTarPerm modified mode [ 'resource/css/page.css', 493, 511 ]
39 silly gunzTarPerm extractEntry resource/css/api.css
40 silly gunzTarPerm modified mode [ 'resource/css/api.css', 493, 511 ]
41 silly gunzTarPerm extractEntry resource/js/jquery-1.6.4-min.js
42 silly gunzTarPerm modified mode [ 'resource/js/jquery-1.6.4-min.js', 493, 511 ]
43 silly gunzTarPerm extractEntry resource/js/api.js
44 silly gunzTarPerm modified mode [ 'resource/js/api.js', 493, 511 ]
45 silly gunzTarPerm extractEntry resource/js/extend.js
46 silly gunzTarPerm modified mode [ 'resource/js/extend.js', 493, 511 ]
47 silly gunzTarPerm extractEntry resource/js/lunr.js
48 silly gunzTarPerm modified mode [ 'resource/js/lunr.js', 493, 511 ]
49 silly gunzTarPerm extractEntry resource/js/hijs.js
50 silly gunzTarPerm modified mode [ 'resource/js/hijs.js', 493, 511 ]
51 silly gunzTarPerm extractEntry resource/js/page.js
52 silly gunzTarPerm modified mode [ 'resource/js/page.js', 493, 511 ]
53 silly gunzTarPerm extractEntry relayCode/mu2/lib/mu-cli.js
54 silly gunzTarPerm modified mode [ 'relayCode/mu2/lib/mu-cli.js', 509, 511 ]
55 silly gunzTarPerm extractEntry relayCode/mu2/lib/mu.js
56 silly gunzTarPerm modified mode [ 'relayCode/mu2/lib/mu.js', 436, 438 ]
57 silly gunzTarPerm extractEntry relayCode/mu2/lib/mu/parser.js
58 silly gunzTarPerm modified mode [ 'relayCode/mu2/lib/mu/parser.js', 436, 438 ]
59 silly gunzTarPerm extractEntry relayCode/mu2/lib/mu/renderer.js
60 silly gunzTarPerm modified mode [ 'relayCode/mu2/lib/mu/renderer.js', 436, 438 ]
61 silly gunzTarPerm extractEntry relayCode/mu2/lib/mu/errors.js
62 silly gunzTarPerm modified mode [ 'relayCode/mu2/lib/mu/errors.js', 436, 438 ]
63 silly gunzTarPerm extractEntry relayCode/mu2/lib/mu/stream.js
64 silly gunzTarPerm modified mode [ 'relayCode/mu2/lib/mu/stream.js', 436, 438 ]
65 silly gunzTarPerm extractEntry relayCode/dox-template/lib/presenter.js
66 silly gunzTarPerm modified mode [ 'relayCode/dox-template/lib/presenter.js', 436, 438 ]
67 silly gunzTarPerm extractEntry relayCode/dox-template/lib/utils.js
68 silly gunzTarPerm modified mode [ 'relayCode/dox-template/lib/utils.js', 436, 438 ]
69 silly gunzTarPerm extractEntry relayCode/dox-template/lib/version.js
70 silly gunzTarPerm modified mode [ 'relayCode/dox-template/lib/version.js', 436, 438 ]
71 silly gunzTarPerm extractEntry relayCode/dox-template/lib/template.js
72 silly gunzTarPerm modified mode [ 'relayCode/dox-template/lib/template.js', 436, 438 ]
73 silly gunzTarPerm extractEntry relayCode/dox-template/lib/templates/template.mustache
74 silly gunzTarPerm modified mode [ 'relayCode/dox-template/lib/templates/template.mustache',
74 silly gunzTarPerm   436,
74 silly gunzTarPerm   438 ]
75 silly gunzTarPerm extractEntry relayCode/dox-template/lib/templates/template.mustache~
76 silly gunzTarPerm modified mode [ 'relayCode/dox-template/lib/templates/template.mustache~',
76 silly gunzTarPerm   436,
76 silly gunzTarPerm   438 ]
77 silly gunzTarPerm extractEntry relayCode/dox-template/lib/stylesheets/light.css
78 silly gunzTarPerm modified mode [ 'relayCode/dox-template/lib/stylesheets/light.css', 436, 438 ]
79 silly gunzTarPerm extractEntry bin/doxmake
80 silly gunzTarPerm modified mode [ 'bin/doxmake', 509, 511 ]
81 silly gunzTarPerm extractEntry lib/doxmake.js
82 silly gunzTarPerm modified mode [ 'lib/doxmake.js', 436, 438 ]
83 verbose read json /home/lwj/tmp/npm-5800/1350386873180-0.5619391852524132/package/package.json
84 silly lockFile 66b23a56-73180-0-5619391852524132-package /home/lwj/tmp/npm-5800/1350386873180-0.5619391852524132/package
85 verbose from cache /home/lwj/tmp/npm-5800/1350386873180-0.5619391852524132/package/package.json
86 verbose tar pack [ '/home/lwj/.npm/doxmake/0.1.5/package.tgz',
86 verbose tar pack   '/home/lwj/tmp/npm-5800/1350386873180-0.5619391852524132/package' ]
87 verbose tarball /home/lwj/.npm/doxmake/0.1.5/package.tgz
88 verbose folder /home/lwj/tmp/npm-5800/1350386873180-0.5619391852524132/package
89 silly lockFile fe39f59a-wj-npm-doxmake-0-1-5-package-tgz /home/lwj/.npm/doxmake/0.1.5/package.tgz
90 verbose lock /home/lwj/.npm/doxmake/0.1.5/package.tgz /home/lwj/.npm/fe39f59a-wj-npm-doxmake-0-1-5-package-tgz.lock
91 silly lockFile fe39f59a-wj-npm-doxmake-0-1-5-package-tgz /home/lwj/.npm/doxmake/0.1.5/package.tgz
92 silly lockFile a2cda4c7-me-lwj-npm-doxmake-0-1-5-package /home/lwj/.npm/doxmake/0.1.5/package
93 verbose lock /home/lwj/.npm/doxmake/0.1.5/package /home/lwj/.npm/a2cda4c7-me-lwj-npm-doxmake-0-1-5-package.lock
94 silly lockFile a2cda4c7-me-lwj-npm-doxmake-0-1-5-package /home/lwj/.npm/doxmake/0.1.5/package
95 verbose tar unpack /home/lwj/.npm/doxmake/0.1.5/package.tgz
96 silly lockFile a2cda4c7-me-lwj-npm-doxmake-0-1-5-package /home/lwj/.npm/doxmake/0.1.5/package
97 verbose lock /home/lwj/.npm/doxmake/0.1.5/package /home/lwj/.npm/a2cda4c7-me-lwj-npm-doxmake-0-1-5-package.lock
98 silly gunzTarPerm modes [ '777', '666' ]
99 silly gunzTarPerm extractEntry package.json
100 silly gunzTarPerm extractEntry README.md
101 silly gunzTarPerm extractEntry index.js
102 silly gunzTarPerm extractEntry test/apiTest.js
103 silly gunzTarPerm extractEntry README.md~
104 silly gunzTarPerm extractEntry resource/css/base.css
105 silly gunzTarPerm extractEntry resource/css/index.css
106 silly gunzTarPerm extractEntry resource/css/page.css
107 silly gunzTarPerm extractEntry resource/css/api.css
108 silly gunzTarPerm extractEntry resource/js/jquery-1.6.4-min.js
109 silly gunzTarPerm extractEntry resource/js/api.js
110 silly gunzTarPerm extractEntry resource/js/extend.js
111 silly gunzTarPerm extractEntry resource/js/lunr.js
112 silly gunzTarPerm extractEntry resource/js/hijs.js
113 silly gunzTarPerm extractEntry resource/js/page.js
114 silly gunzTarPerm extractEntry relayCode/mu2/lib/mu-cli.js
115 silly gunzTarPerm extractEntry relayCode/mu2/lib/mu.js
116 silly gunzTarPerm extractEntry relayCode/mu2/lib/mu/parser.js
117 silly gunzTarPerm extractEntry relayCode/mu2/lib/mu/renderer.js
118 silly gunzTarPerm extractEntry relayCode/mu2/lib/mu/errors.js
119 silly gunzTarPerm extractEntry relayCode/mu2/lib/mu/stream.js
120 silly gunzTarPerm extractEntry relayCode/dox-template/lib/presenter.js
121 silly gunzTarPerm extractEntry relayCode/dox-template/lib/utils.js
122 silly gunzTarPerm extractEntry relayCode/dox-template/lib/version.js
123 silly gunzTarPerm extractEntry relayCode/dox-template/lib/template.js
124 silly gunzTarPerm extractEntry relayCode/dox-template/lib/templates/template.mustache
125 silly gunzTarPerm extractEntry relayCode/dox-template/lib/templates/template.mustache~
126 silly gunzTarPerm extractEntry relayCode/dox-template/lib/stylesheets/light.css
127 silly gunzTarPerm extractEntry bin/doxmake
128 silly gunzTarPerm extractEntry lib/doxmake.js
129 verbose read json /home/lwj/.npm/doxmake/0.1.5/package/package.json
130 silly lockFile a2cda4c7-me-lwj-npm-doxmake-0-1-5-package /home/lwj/.npm/doxmake/0.1.5/package
131 silly shasum updated bytes 40960
132 silly shasum updated bytes 14084
133 info shasum 7f29627694b8b0064364d288c6b6ddbcbdb92c96
133 info shasum /home/lwj/.npm/doxmake/0.1.5/package.tgz
134 verbose from cache /home/lwj/.npm/doxmake/0.1.5/package/package.json
135 verbose chmod /home/lwj/.npm/doxmake/0.1.5/package.tgz 666
136 verbose chown /home/lwj/.npm/doxmake/0.1.5/package.tgz [ 1000, 1000 ]
137 silly lockFile 3a52ce78- .
138 silly publish { name: 'doxmake',
138 silly publish   version: '0.1.5',
138 silly publish   dependencies: { dox: '*', 'github-flavored-markdown': '*', commander: '*' },
138 silly publish   author: { name: 'halfblood' },
138 silly publish   description: 'doxTemplate ===========',
138 silly publish   main: 'index.js',
138 silly publish   directories: { test: 'test' },
138 silly publish   bin: { doxmake: './bin/doxmake' },
138 silly publish   devDependencies: {},
138 silly publish   scripts: { test: 'echo "Error: no test specified" && exit 1' },
138 silly publish   repository:
138 silly publish    { type: 'git',
138 silly publish      url: 'git://github.com/halfblood369/doxTemplate.git' },
138 silly publish   license: 'BSD',
138 silly publish   readme: 'doxTemplate\n===========\n\n整合 TJ的dox和Oliver 的dox-template模板 ，做了点改动，可以扫描给定的整个目录，对目录下的所有js文件 \ndocumentation generate ，生成一个html文件。目前改动较小，会不断更新维护。\n\n使用见test，会在传入的目录下生成doc文件夹，包含有index.html文件及相应的css和js文件。index.html即是需要的api文档。\n## Installation\n安装\n```\nnpm install doxmake -g\n```\n## Usage\n```\n  doxmake -n <name> -r <release> -d <directory>\n```\n## Examples\n\n```\n  doxmake -n apiDocument -r 0.0.1 -d "/home/lwj/workspace/pomelo-core/lib"\n\n```\n结果会在输入目录"/home/lwj/workspace/pomelo-core/lib"生成doc文件夹，包含css,js资源和index.html文件。\nindex.html即为生成的api文档，文档名为"apiDocument"，版本为"0.0.1"\n\n```\n doxmake -d "/home/lwj/workspace/pomelo-core/lib"\n\n```\n同上面，只是生成的api文档默认的名字是doxmake，版本是0.0.1\n\n\n\n',
138 silly publish   _id: 'doxmake@0.1.5',
138 silly publish   dist: { shasum: '7f29627694b8b0064364d288c6b6ddbcbdb92c96' } }
139 verbose url raw doxmake
140 verbose url resolving [ 'https://registry.npmjs.org/', './doxmake' ]
141 verbose url resolved https://registry.npmjs.org/doxmake
142 info retry registry request attempt 1 at 19:27:53
143 http PUT https://registry.npmjs.org/doxmake
144 http 401 https://registry.npmjs.org/doxmake
145 error publish Failed PUT response undefined
146 error Error: login error
146 error     at RegClient.<anonymous> (/usr/local/lib/node_modules/npm/node_modules/npm-registry-client/lib/request.js:81:22)
146 error     at CouchLogin.<anonymous> (/usr/local/lib/node_modules/npm/node_modules/couch-login/couch-login.js:109:46)
146 error     at Request.init.self.callback (/usr/local/lib/node_modules/npm/node_modules/request/main.js:120:22)
146 error     at Request.EventEmitter.emit (events.js:91:17)
146 error     at Request.<anonymous> (/usr/local/lib/node_modules/npm/node_modules/request/main.js:648:16)
146 error     at Request.EventEmitter.emit (events.js:115:20)
146 error     at IncomingMessage.Request.start.self.req.self.httpModule.request.buffer (/usr/local/lib/node_modules/npm/node_modules/request/main.js:610:14)
146 error     at IncomingMessage.EventEmitter.emit (events.js:115:20)
146 error     at IncomingMessage._emitEnd (http.js:366:10)
146 error     at HTTPParser.parserOnMessageComplete [as onMessageComplete] (http.js:149:23)
147 error If you need help, you may report this log at:
147 error     <http://github.com/isaacs/npm/issues>
147 error or email it to:
147 error     <npm-@googlegroups.com>
148 error System Linux 3.0.0-12-generic
149 error command "/usr/local/bin/node" "/usr/local/bin/npm" "publish"
150 error cwd /home/lwj/workspace/doxmake
151 error node -v v0.8.8
152 error npm -v 1.1.59
153 verbose exit [ 1, true ]
